  ForestScene.cpp
C:\Users\gabem\Desktop\Game 2\Decrepit Files\SpriteLib3.0-v2.0\ForestScene.cpp(131,79): warning C4244: 'argument': conversion from 'int' to 'float', possible loss of data
C:\Users\gabem\Desktop\Game 2\Decrepit Files\SpriteLib3.0-v2.0\ForestScene.cpp(131,66): warning C4244: 'argument': conversion from 'int' to 'float', possible loss of data
C:\Users\gabem\Desktop\Game 2\Decrepit Files\SpriteLib3.0-v2.0\ForestScene.cpp(150,66): warning C4244: 'argument': conversion from 'int' to 'float', possible loss of data
C:\Users\gabem\Desktop\Game 2\Decrepit Files\SpriteLib3.0-v2.0\ForestScene.cpp(194,19): warning C4244: 'initializing': conversion from 'int' to 'float', possible loss of data
C:\Users\gabem\Desktop\Game 2\Decrepit Files\SpriteLib3.0-v2.0\ForestScene.cpp(195,19): warning C4244: 'initializing': conversion from 'int' to 'float', possible loss of data
C:\Users\gabem\Desktop\Game 2\Decrepit Files\SpriteLib3.0-v2.0\ForestScene.cpp(257,104): warning C4244: 'argument': conversion from 'float' to 'int', possible loss of data
C:\Users\gabem\Desktop\Game 2\Decrepit Files\SpriteLib3.0-v2.0\ForestScene.cpp(257,97): warning C4244: 'argument': conversion from 'float' to 'int', possible loss of data
C:\Users\gabem\Desktop\Game 2\Decrepit Files\SpriteLib3.0-v2.0\ForestScene.cpp(257,90): warning C4244: 'argument': conversion from 'float' to 'int', possible loss of data
C:\Users\gabem\Desktop\Game 2\Decrepit Files\SpriteLib3.0-v2.0\ForestScene.cpp(257,84): warning C4244: 'argument': conversion from 'float' to 'int', possible loss of data
C:\Users\gabem\Desktop\Game 2\Decrepit Files\SpriteLib3.0-v2.0\ForestScene.cpp(257,77): warning C4244: 'argument': conversion from 'float' to 'int', possible loss of data
C:\Users\gabem\Desktop\Game 2\Decrepit Files\SpriteLib3.0-v2.0\ForestScene.cpp(257,71): warning C4244: 'argument': conversion from 'float' to 'int', possible loss of data
C:\Users\gabem\Desktop\Game 2\Decrepit Files\SpriteLib3.0-v2.0\ForestScene.cpp(257,64): warning C4244: 'argument': conversion from 'float' to 'int', possible loss of data
C:\Users\gabem\Desktop\Game 2\Decrepit Files\SpriteLib3.0-v2.0\ForestScene.cpp(257,57): warning C4244: 'argument': conversion from 'float' to 'int', possible loss of data
C:\Users\gabem\Desktop\Game 2\Decrepit Files\SpriteLib3.0-v2.0\ForestScene.cpp(257,51): warning C4244: 'argument': conversion from 'float' to 'int', possible loss of data
C:\Users\gabem\Desktop\Game 2\Decrepit Files\SpriteLib3.0-v2.0\ForestScene.cpp(257,45): warning C4244: 'argument': conversion from 'float' to 'int', possible loss of data
C:\Users\gabem\Desktop\Game 2\Decrepit Files\SpriteLib3.0-v2.0\ForestScene.cpp(257,37): warning C4244: 'argument': conversion from 'float' to 'int', possible loss of data
C:\Users\gabem\Desktop\Game 2\Decrepit Files\SpriteLib3.0-v2.0\ForestScene.cpp(257,29): warning C4244: 'argument': conversion from 'float' to 'int', possible loss of data
C:\Users\gabem\Desktop\Game 2\Decrepit Files\SpriteLib3.0-v2.0\ForestScene.cpp(258,102): warning C4244: 'argument': conversion from 'float' to 'int', possible loss of data
C:\Users\gabem\Desktop\Game 2\Decrepit Files\SpriteLib3.0-v2.0\ForestScene.cpp(258,95): warning C4244: 'argument': conversion from 'float' to 'int', possible loss of data
C:\Users\gabem\Desktop\Game 2\Decrepit Files\SpriteLib3.0-v2.0\ForestScene.cpp(258,88): warning C4244: 'argument': conversion from 'float' to 'int', possible loss of data
C:\Users\gabem\Desktop\Game 2\Decrepit Files\SpriteLib3.0-v2.0\ForestScene.cpp(258,82): warning C4244: 'argument': conversion from 'float' to 'int', possible loss of data
C:\Users\gabem\Desktop\Game 2\Decrepit Files\SpriteLib3.0-v2.0\ForestScene.cpp(258,75): warning C4244: 'argument': conversion from 'float' to 'int', possible loss of data
C:\Users\gabem\Desktop\Game 2\Decrepit Files\SpriteLib3.0-v2.0\ForestScene.cpp(258,69): warning C4244: 'argument': conversion from 'float' to 'int', possible loss of data
C:\Users\gabem\Desktop\Game 2\Decrepit Files\SpriteLib3.0-v2.0\ForestScene.cpp(258,61): warning C4244: 'argument': conversion from 'float' to 'int', possible loss of data
C:\Users\gabem\Desktop\Game 2\Decrepit Files\SpriteLib3.0-v2.0\ForestScene.cpp(258,56): warning C4244: 'argument': conversion from 'float' to 'int', possible loss of data
C:\Users\gabem\Desktop\Game 2\Decrepit Files\SpriteLib3.0-v2.0\ForestScene.cpp(258,50): warning C4244: 'argument': conversion from 'float' to 'int', possible loss of data
C:\Users\gabem\Desktop\Game 2\Decrepit Files\SpriteLib3.0-v2.0\ForestScene.cpp(258,43): warning C4244: 'argument': conversion from 'float' to 'int', possible loss of data
C:\Users\gabem\Desktop\Game 2\Decrepit Files\SpriteLib3.0-v2.0\ForestScene.cpp(258,36): warning C4244: 'argument': conversion from 'float' to 'int', possible loss of data
C:\Users\gabem\Desktop\Game 2\Decrepit Files\SpriteLib3.0-v2.0\ForestScene.cpp(258,28): warning C4244: 'argument': conversion from 'float' to 'int', possible loss of data
C:\Users\gabem\Desktop\Game 2\Decrepit Files\SpriteLib3.0-v2.0\ForestScene.cpp(259,102): warning C4244: 'argument': conversion from 'float' to 'int', possible loss of data
C:\Users\gabem\Desktop\Game 2\Decrepit Files\SpriteLib3.0-v2.0\ForestScene.cpp(259,95): warning C4244: 'argument': conversion from 'float' to 'int', possible loss of data
C:\Users\gabem\Desktop\Game 2\Decrepit Files\SpriteLib3.0-v2.0\ForestScene.cpp(259,88): warning C4244: 'argument': conversion from 'float' to 'int', possible loss of data
C:\Users\gabem\Desktop\Game 2\Decrepit Files\SpriteLib3.0-v2.0\ForestScene.cpp(259,82): warning C4244: 'argument': conversion from 'float' to 'int', possible loss of data
C:\Users\gabem\Desktop\Game 2\Decrepit Files\SpriteLib3.0-v2.0\ForestScene.cpp(259,75): warning C4244: 'argument': conversion from 'float' to 'int', possible loss of data
C:\Users\gabem\Desktop\Game 2\Decrepit Files\SpriteLib3.0-v2.0\ForestScene.cpp(259,69): warning C4244: 'argument': conversion from 'float' to 'int', possible loss of data
C:\Users\gabem\Desktop\Game 2\Decrepit Files\SpriteLib3.0-v2.0\ForestScene.cpp(259,61): warning C4244: 'argument': conversion from 'float' to 'int', possible loss of data
C:\Users\gabem\Desktop\Game 2\Decrepit Files\SpriteLib3.0-v2.0\ForestScene.cpp(259,56): warning C4244: 'argument': conversion from 'float' to 'int', possible loss of data
C:\Users\gabem\Desktop\Game 2\Decrepit Files\SpriteLib3.0-v2.0\ForestScene.cpp(259,50): warning C4244: 'argument': conversion from 'float' to 'int', possible loss of data
C:\Users\gabem\Desktop\Game 2\Decrepit Files\SpriteLib3.0-v2.0\ForestScene.cpp(259,43): warning C4244: 'argument': conversion from 'float' to 'int', possible loss of data
C:\Users\gabem\Desktop\Game 2\Decrepit Files\SpriteLib3.0-v2.0\ForestScene.cpp(259,36): warning C4244: 'argument': conversion from 'float' to 'int', possible loss of data
C:\Users\gabem\Desktop\Game 2\Decrepit Files\SpriteLib3.0-v2.0\ForestScene.cpp(259,28): warning C4244: 'argument': conversion from 'float' to 'int', possible loss of data
C:\Users\gabem\Desktop\Game 2\Decrepit Files\SpriteLib3.0-v2.0\ForestScene.cpp(260,104): warning C4244: 'argument': conversion from 'float' to 'int', possible loss of data
C:\Users\gabem\Desktop\Game 2\Decrepit Files\SpriteLib3.0-v2.0\ForestScene.cpp(260,97): warning C4244: 'argument': conversion from 'float' to 'int', possible loss of data
C:\Users\gabem\Desktop\Game 2\Decrepit Files\SpriteLib3.0-v2.0\ForestScene.cpp(260,91): warning C4244: 'argument': conversion from 'float' to 'int', possible loss of data
C:\Users\gabem\Desktop\Game 2\Decrepit Files\SpriteLib3.0-v2.0\ForestScene.cpp(260,85): warning C4244: 'argument': conversion from 'float' to 'int', possible loss of data
C:\Users\gabem\Desktop\Game 2\Decrepit Files\SpriteLib3.0-v2.0\ForestScene.cpp(260,79): warning C4244: 'argument': conversion from 'float' to 'int', possible loss of data
C:\Users\gabem\Desktop\Game 2\Decrepit Files\SpriteLib3.0-v2.0\ForestScene.cpp(260,73): warning C4244: 'argument': conversion from 'float' to 'int', possible loss of data
C:\Users\gabem\Desktop\Game 2\Decrepit Files\SpriteLib3.0-v2.0\ForestScene.cpp(260,64): warning C4244: 'argument': conversion from 'float' to 'int', possible loss of data
C:\Users\gabem\Desktop\Game 2\Decrepit Files\SpriteLib3.0-v2.0\ForestScene.cpp(260,59): warning C4244: 'argument': conversion from 'float' to 'int', possible loss of data
C:\Users\gabem\Desktop\Game 2\Decrepit Files\SpriteLib3.0-v2.0\ForestScene.cpp(260,53): warning C4244: 'argument': conversion from 'float' to 'int', possible loss of data
C:\Users\gabem\Desktop\Game 2\Decrepit Files\SpriteLib3.0-v2.0\ForestScene.cpp(260,44): warning C4244: 'argument': conversion from 'float' to 'int', possible loss of data
C:\Users\gabem\Desktop\Game 2\Decrepit Files\SpriteLib3.0-v2.0\ForestScene.cpp(260,37): warning C4244: 'argument': conversion from 'float' to 'int', possible loss of data
C:\Users\gabem\Desktop\Game 2\Decrepit Files\SpriteLib3.0-v2.0\ForestScene.cpp(260,28): warning C4244: 'argument': conversion from 'float' to 'int', possible loss of data
C:\Users\gabem\Desktop\Game 2\Decrepit Files\SpriteLib3.0-v2.0\ForestScene.cpp(261,108): warning C4244: 'argument': conversion from 'float' to 'int', possible loss of data
C:\Users\gabem\Desktop\Game 2\Decrepit Files\SpriteLib3.0-v2.0\ForestScene.cpp(261,101): warning C4244: 'argument': conversion from 'float' to 'int', possible loss of data
C:\Users\gabem\Desktop\Game 2\Decrepit Files\SpriteLib3.0-v2.0\ForestScene.cpp(261,94): warning C4244: 'argument': conversion from 'float' to 'int', possible loss of data
C:\Users\gabem\Desktop\Game 2\Decrepit Files\SpriteLib3.0-v2.0\ForestScene.cpp(261,88): warning C4244: 'argument': conversion from 'float' to 'int', possible loss of data
C:\Users\gabem\Desktop\Game 2\Decrepit Files\SpriteLib3.0-v2.0\ForestScene.cpp(261,81): warning C4244: 'argument': conversion from 'float' to 'int', possible loss of data
C:\Users\gabem\Desktop\Game 2\Decrepit Files\SpriteLib3.0-v2.0\ForestScene.cpp(261,74): warning C4244: 'argument': conversion from 'float' to 'int', possible loss of data
C:\Users\gabem\Desktop\Game 2\Decrepit Files\SpriteLib3.0-v2.0\ForestScene.cpp(261,65): warning C4244: 'argument': conversion from 'float' to 'int', possible loss of data
C:\Users\gabem\Desktop\Game 2\Decrepit Files\SpriteLib3.0-v2.0\ForestScene.cpp(261,60): warning C4244: 'argument': conversion from 'float' to 'int', possible loss of data
C:\Users\gabem\Desktop\Game 2\Decrepit Files\SpriteLib3.0-v2.0\ForestScene.cpp(261,53): warning C4244: 'argument': conversion from 'float' to 'int', possible loss of data
C:\Users\gabem\Desktop\Game 2\Decrepit Files\SpriteLib3.0-v2.0\ForestScene.cpp(261,44): warning C4244: 'argument': conversion from 'float' to 'int', possible loss of data
C:\Users\gabem\Desktop\Game 2\Decrepit Files\SpriteLib3.0-v2.0\ForestScene.cpp(261,37): warning C4244: 'argument': conversion from 'float' to 'int', possible loss of data
C:\Users\gabem\Desktop\Game 2\Decrepit Files\SpriteLib3.0-v2.0\ForestScene.cpp(261,28): warning C4244: 'argument': conversion from 'float' to 'int', possible loss of data
C:\Users\gabem\Desktop\Game 2\Decrepit Files\SpriteLib3.0-v2.0\ForestScene.cpp(262,108): warning C4244: 'argument': conversion from 'float' to 'int', possible loss of data
C:\Users\gabem\Desktop\Game 2\Decrepit Files\SpriteLib3.0-v2.0\ForestScene.cpp(262,101): warning C4244: 'argument': conversion from 'float' to 'int', possible loss of data
C:\Users\gabem\Desktop\Game 2\Decrepit Files\SpriteLib3.0-v2.0\ForestScene.cpp(262,94): warning C4244: 'argument': conversion from 'float' to 'int', possible loss of data
C:\Users\gabem\Desktop\Game 2\Decrepit Files\SpriteLib3.0-v2.0\ForestScene.cpp(262,88): warning C4244: 'argument': conversion from 'float' to 'int', possible loss of data
C:\Users\gabem\Desktop\Game 2\Decrepit Files\SpriteLib3.0-v2.0\ForestScene.cpp(262,81): warning C4244: 'argument': conversion from 'float' to 'int', possible loss of data
C:\Users\gabem\Desktop\Game 2\Decrepit Files\SpriteLib3.0-v2.0\ForestScene.cpp(262,74): warning C4244: 'argument': conversion from 'float' to 'int', possible loss of data
C:\Users\gabem\Desktop\Game 2\Decrepit Files\SpriteLib3.0-v2.0\ForestScene.cpp(262,65): warning C4244: 'argument': conversion from 'float' to 'int', possible loss of data
C:\Users\gabem\Desktop\Game 2\Decrepit Files\SpriteLib3.0-v2.0\ForestScene.cpp(262,60): warning C4244: 'argument': conversion from 'float' to 'int', possible loss of data
C:\Users\gabem\Desktop\Game 2\Decrepit Files\SpriteLib3.0-v2.0\ForestScene.cpp(262,53): warning C4244: 'argument': conversion from 'float' to 'int', possible loss of data
C:\Users\gabem\Desktop\Game 2\Decrepit Files\SpriteLib3.0-v2.0\ForestScene.cpp(262,44): warning C4244: 'argument': conversion from 'float' to 'int', possible loss of data
C:\Users\gabem\Desktop\Game 2\Decrepit Files\SpriteLib3.0-v2.0\ForestScene.cpp(262,37): warning C4244: 'argument': conversion from 'float' to 'int', possible loss of data
C:\Users\gabem\Desktop\Game 2\Decrepit Files\SpriteLib3.0-v2.0\ForestScene.cpp(262,28): warning C4244: 'argument': conversion from 'float' to 'int', possible loss of data
C:\Users\gabem\Desktop\Game 2\Decrepit Files\SpriteLib3.0-v2.0\ForestScene.cpp(263,108): warning C4244: 'argument': conversion from 'float' to 'int', possible loss of data
C:\Users\gabem\Desktop\Game 2\Decrepit Files\SpriteLib3.0-v2.0\ForestScene.cpp(263,101): warning C4244: 'argument': conversion from 'float' to 'int', possible loss of data
C:\Users\gabem\Desktop\Game 2\Decrepit Files\SpriteLib3.0-v2.0\ForestScene.cpp(263,94): warning C4244: 'argument': conversion from 'float' to 'int', possible loss of data
C:\Users\gabem\Desktop\Game 2\Decrepit Files\SpriteLib3.0-v2.0\ForestScene.cpp(263,88): warning C4244: 'argument': conversion from 'float' to 'int', possible loss of data
C:\Users\gabem\Desktop\Game 2\Decrepit Files\SpriteLib3.0-v2.0\ForestScene.cpp(263,81): warning C4244: 'argument': conversion from 'float' to 'int', possible loss of data
C:\Users\gabem\Desktop\Game 2\Decrepit Files\SpriteLib3.0-v2.0\ForestScene.cpp(263,74): warning C4244: 'argument': conversion from 'float' to 'int', possible loss of data
C:\Users\gabem\Desktop\Game 2\Decrepit Files\SpriteLib3.0-v2.0\ForestScene.cpp(263,65): warning C4244: 'argument': conversion from 'float' to 'int', possible loss of data
C:\Users\gabem\Desktop\Game 2\Decrepit Files\SpriteLib3.0-v2.0\ForestScene.cpp(263,60): warning C4244: 'argument': conversion from 'float' to 'int', possible loss of data
C:\Users\gabem\Desktop\Game 2\Decrepit Files\SpriteLib3.0-v2.0\ForestScene.cpp(263,53): warning C4244: 'argument': conversion from 'float' to 'int', possible loss of data
C:\Users\gabem\Desktop\Game 2\Decrepit Files\SpriteLib3.0-v2.0\ForestScene.cpp(263,44): warning C4244: 'argument': conversion from 'float' to 'int', possible loss of data
C:\Users\gabem\Desktop\Game 2\Decrepit Files\SpriteLib3.0-v2.0\ForestScene.cpp(263,37): warning C4244: 'argument': conversion from 'float' to 'int', possible loss of data
C:\Users\gabem\Desktop\Game 2\Decrepit Files\SpriteLib3.0-v2.0\ForestScene.cpp(263,28): warning C4244: 'argument': conversion from 'float' to 'int', possible loss of data
C:\Users\gabem\Desktop\Game 2\Decrepit Files\SpriteLib3.0-v2.0\ForestScene.cpp(264,104): warning C4244: 'argument': conversion from 'float' to 'int', possible loss of data
C:\Users\gabem\Desktop\Game 2\Decrepit Files\SpriteLib3.0-v2.0\ForestScene.cpp(264,97): warning C4244: 'argument': conversion from 'float' to 'int', possible loss of data
C:\Users\gabem\Desktop\Game 2\Decrepit Files\SpriteLib3.0-v2.0\ForestScene.cpp(264,91): warning C4244: 'argument': conversion from 'float' to 'int', possible loss of data
C:\Users\gabem\Desktop\Game 2\Decrepit Files\SpriteLib3.0-v2.0\ForestScene.cpp(264,85): warning C4244: 'argument': conversion from 'float' to 'int', possible loss of data
C:\Users\gabem\Desktop\Game 2\Decrepit Files\SpriteLib3.0-v2.0\ForestScene.cpp(264,79): warning C4244: 'argument': conversion from 'float' to 'int', possible loss of data
C:\Users\gabem\Desktop\Game 2\Decrepit Files\SpriteLib3.0-v2.0\ForestScene.cpp(264,73): warning C4244: 'argument': conversion from 'float' to 'int', possible loss of data
C:\Users\gabem\Desktop\Game 2\Decrepit Files\SpriteLib3.0-v2.0\ForestScene.cpp(264,64): warning C4244: 'argument': conversion from 'float' to 'int', possible loss of data
C:\Users\gabem\Desktop\Game 2\Decrepit Files\SpriteLib3.0-v2.0\ForestScene.cpp(264,59): warning C4244: 'argument': conversion from 'float' to 'int', possible loss of data
C:\Users\gabem\Desktop\Game 2\Decrepit Files\SpriteLib3.0-v2.0\ForestScene.cpp(264,53): warning C4244: 'argument': conversion from 'float' to 'int', possible loss of data
C:\Users\gabem\Desktop\Game 2\Decrepit Files\SpriteLib3.0-v2.0\ForestScene.cpp(264,44): warning C4244: 'argument': conversion from 'float' to 'int', possible loss of data
C:\Users\gabem\Desktop\Game 2\Decrepit Files\SpriteLib3.0-v2.0\ForestScene.cpp(264,37): warning C4244: 'argument': conversion from 'float' to 'int', possible loss of data
C:\Users\gabem\Desktop\Game 2\Decrepit Files\SpriteLib3.0-v2.0\ForestScene.cpp(264,28): warning C4244: 'argument': conversion from 'float' to 'int', possible loss of data
C:\Users\gabem\Desktop\Game 2\Decrepit Files\SpriteLib3.0-v2.0\ForestScene.cpp(265,105): warning C4244: 'argument': conversion from 'float' to 'int', possible loss of data
C:\Users\gabem\Desktop\Game 2\Decrepit Files\SpriteLib3.0-v2.0\ForestScene.cpp(265,98): warning C4244: 'argument': conversion from 'float' to 'int', possible loss of data
C:\Users\gabem\Desktop\Game 2\Decrepit Files\SpriteLib3.0-v2.0\ForestScene.cpp(265,91): warning C4244: 'argument': conversion from 'float' to 'int', possible loss of data
C:\Users\gabem\Desktop\Game 2\Decrepit Files\SpriteLib3.0-v2.0\ForestScene.cpp(265,85): warning C4244: 'argument': conversion from 'float' to 'int', possible loss of data
C:\Users\gabem\Desktop\Game 2\Decrepit Files\SpriteLib3.0-v2.0\ForestScene.cpp(265,78): warning C4244: 'argument': conversion from 'float' to 'int', possible loss of data
C:\Users\gabem\Desktop\Game 2\Decrepit Files\SpriteLib3.0-v2.0\ForestScene.cpp(265,72): warning C4244: 'argument': conversion from 'float' to 'int', possible loss of data
C:\Users\gabem\Desktop\Game 2\Decrepit Files\SpriteLib3.0-v2.0\ForestScene.cpp(265,63): warning C4244: 'argument': conversion from 'float' to 'int', possible loss of data
C:\Users\gabem\Desktop\Game 2\Decrepit Files\SpriteLib3.0-v2.0\ForestScene.cpp(265,58): warning C4244: 'argument': conversion from 'float' to 'int', possible loss of data
C:\Users\gabem\Desktop\Game 2\Decrepit Files\SpriteLib3.0-v2.0\ForestScene.cpp(265,52): warning C4244: 'argument': conversion from 'float' to 'int', possible loss of data
C:\Users\gabem\Desktop\Game 2\Decrepit Files\SpriteLib3.0-v2.0\ForestScene.cpp(265,44): warning C4244: 'argument': conversion from 'float' to 'int', possible loss of data
C:\Users\gabem\Desktop\Game 2\Decrepit Files\SpriteLib3.0-v2.0\ForestScene.cpp(265,37): warning C4244: 'argument': conversion from 'float' to 'int', possible loss of data
C:\Users\gabem\Desktop\Game 2\Decrepit Files\SpriteLib3.0-v2.0\ForestScene.cpp(265,28): warning C4244: 'argument': conversion from 'float' to 'int', possible loss of data
C:\Users\gabem\Desktop\Game 2\Decrepit Files\SpriteLib3.0-v2.0\ForestScene.cpp(266,103): warning C4244: 'argument': conversion from 'float' to 'int', possible loss of data
C:\Users\gabem\Desktop\Game 2\Decrepit Files\SpriteLib3.0-v2.0\ForestScene.cpp(266,96): warning C4244: 'argument': conversion from 'float' to 'int', possible loss of data
C:\Users\gabem\Desktop\Game 2\Decrepit Files\SpriteLib3.0-v2.0\ForestScene.cpp(266,89): warning C4244: 'argument': conversion from 'float' to 'int', possible loss of data
C:\Users\gabem\Desktop\Game 2\Decrepit Files\SpriteLib3.0-v2.0\ForestScene.cpp(266,83): warning C4244: 'argument': conversion from 'float' to 'int', possible loss of data
C:\Users\gabem\Desktop\Game 2\Decrepit Files\SpriteLib3.0-v2.0\ForestScene.cpp(266,76): warning C4244: 'argument': conversion from 'float' to 'int', possible loss of data
C:\Users\gabem\Desktop\Game 2\Decrepit Files\SpriteLib3.0-v2.0\ForestScene.cpp(266,69): warning C4244: 'argument': conversion from 'float' to 'int', possible loss of data
C:\Users\gabem\Desktop\Game 2\Decrepit Files\SpriteLib3.0-v2.0\ForestScene.cpp(266,61): warning C4244: 'argument': conversion from 'float' to 'int', possible loss of data
C:\Users\gabem\Desktop\Game 2\Decrepit Files\SpriteLib3.0-v2.0\ForestScene.cpp(266,56): warning C4244: 'argument': conversion from 'float' to 'int', possible loss of data
C:\Users\gabem\Desktop\Game 2\Decrepit Files\SpriteLib3.0-v2.0\ForestScene.cpp(266,49): warning C4244: 'argument': conversion from 'float' to 'int', possible loss of data
C:\Users\gabem\Desktop\Game 2\Decrepit Files\SpriteLib3.0-v2.0\ForestScene.cpp(266,41): warning C4244: 'argument': conversion from 'float' to 'int', possible loss of data
C:\Users\gabem\Desktop\Game 2\Decrepit Files\SpriteLib3.0-v2.0\ForestScene.cpp(266,36): warning C4244: 'argument': conversion from 'float' to 'int', possible loss of data
C:\Users\gabem\Desktop\Game 2\Decrepit Files\SpriteLib3.0-v2.0\ForestScene.cpp(266,28): warning C4244: 'argument': conversion from 'float' to 'int', possible loss of data
C:\Users\gabem\Desktop\Game 2\Decrepit Files\SpriteLib3.0-v2.0\ForestScene.cpp(267,104): warning C4244: 'argument': conversion from 'float' to 'int', possible loss of data
C:\Users\gabem\Desktop\Game 2\Decrepit Files\SpriteLib3.0-v2.0\ForestScene.cpp(267,97): warning C4244: 'argument': conversion from 'float' to 'int', possible loss of data
C:\Users\gabem\Desktop\Game 2\Decrepit Files\SpriteLib3.0-v2.0\ForestScene.cpp(267,90): warning C4244: 'argument': conversion from 'float' to 'int', possible loss of data
C:\Users\gabem\Desktop\Game 2\Decrepit Files\SpriteLib3.0-v2.0\ForestScene.cpp(267,84): warning C4244: 'argument': conversion from 'float' to 'int', possible loss of data
C:\Users\gabem\Desktop\Game 2\Decrepit Files\SpriteLib3.0-v2.0\ForestScene.cpp(267,77): warning C4244: 'argument': conversion from 'float' to 'int', possible loss of data
C:\Users\gabem\Desktop\Game 2\Decrepit Files\SpriteLib3.0-v2.0\ForestScene.cpp(267,70): warning C4244: 'argument': conversion from 'float' to 'int', possible loss of data
C:\Users\gabem\Desktop\Game 2\Decrepit Files\SpriteLib3.0-v2.0\ForestScene.cpp(267,62): warning C4244: 'argument': conversion from 'float' to 'int', possible loss of data
C:\Users\gabem\Desktop\Game 2\Decrepit Files\SpriteLib3.0-v2.0\ForestScene.cpp(267,57): warning C4244: 'argument': conversion from 'float' to 'int', possible loss of data
C:\Users\gabem\Desktop\Game 2\Decrepit Files\SpriteLib3.0-v2.0\ForestScene.cpp(267,50): warning C4244: 'argument': conversion from 'float' to 'int', possible loss of data
C:\Users\gabem\Desktop\Game 2\Decrepit Files\SpriteLib3.0-v2.0\ForestScene.cpp(267,42): warning C4244: 'argument': conversion from 'float' to 'int', possible loss of data
C:\Users\gabem\Desktop\Game 2\Decrepit Files\SpriteLib3.0-v2.0\ForestScene.cpp(267,36): warning C4244: 'argument': conversion from 'float' to 'int', possible loss of data
C:\Users\gabem\Desktop\Game 2\Decrepit Files\SpriteLib3.0-v2.0\ForestScene.cpp(267,28): warning C4244: 'argument': conversion from 'float' to 'int', possible loss of data
C:\Users\gabem\Desktop\Game 2\Decrepit Files\SpriteLib3.0-v2.0\ForestScene.cpp(317,58): warning C4244: 'argument': conversion from 'int' to 'float', possible loss of data
C:\Users\gabem\Desktop\Game 2\Decrepit Files\SpriteLib3.0-v2.0\ForestScene.cpp(335,58): warning C4244: 'argument': conversion from 'int' to 'float', possible loss of data
C:\Users\gabem\Desktop\Game 2\Decrepit Files\SpriteLib3.0-v2.0\ForestScene.cpp(353,58): warning C4244: 'argument': conversion from 'int' to 'float', possible loss of data
C:\Users\gabem\Desktop\Game 2\Decrepit Files\SpriteLib3.0-v2.0\ForestScene.cpp(572,24): warning C4244: 'argument': conversion from 'double' to 'float', possible loss of data
C:\Users\gabem\Desktop\Game 2\Decrepit Files\SpriteLib3.0-v2.0\ForestScene.cpp(576,25): warning C4244: 'argument': conversion from 'double' to 'float', possible loss of data
  SpriteLib3.0-v2.0.vcxproj -> C:\Users\gabem\Desktop\Game 2\Decrepit Files\x64\Debug\SpriteLib3.0-v2.0.exe
